Построение начато 30.09.2016 23:34:36.
     1>Проект "D:\lb3\lb3\lb3.vcxproj" в узле 2 (целевые объекты build).
     1>InitializeBuildStatus:
         Создание "Debug\lb3.unsuccessfulbuild", так как было задано "AlwaysCreate".
       ClCompile:
         Для всех выходных данных обновления не требуется.
         d:\Visual Studio\VC\bin\CL.exe /c /ZI /nologo /W3 /WX- /Od /Oy- /D WIN32 /D _DEBUG /D _CONSOLE /D _UNICODE /D UNICODE /Gm /EHsc /RTC1 /MDd /GS /fp:precise /Zc:wchar_t /Zc:forScope /Yu"StdAfx.h" /Fp"Debug\lb3.pch" /Fo"Debug\\" /Fd"Debug\vc100.pdb" /Gd /TP /analyze- /errorReport:prompt lb3.cpp
         lb3.cpp
       ResourceCompile:
         Для всех выходных данных обновления не требуется.
       ManifestResourceCompile:
         Для всех выходных данных обновления не требуется.
       Link:
         d:\Visual Studio\VC\bin\link.exe /ERRORREPORT:PROMPT /OUT:"D:\lb3\Debug\lb3.exe" /INCREMENTAL /NOLOGO kernel32.lib user32.lib gdi32.lib winspool.lib comdlg32.lib advapi32.lib shell32.lib ole32.lib oleaut32.lib uuid.lib odbc32.lib odbccp32.lib /MANIFEST /ManifestFile:"Debug\lb3.exe.intermediate.manifest" /MANIFESTUAC:"level='asInvoker' uiAccess='false'" /DEBUG /PDB:"D:\lb3\Debug\lb3.pdb" /SUBSYSTEM:CONSOLE /TLBID:1 /DYNAMICBASE /NXCOMPAT /IMPLIB:"D:\lb3\Debug\lb3.lib" /MACHINE:X86 Debug\lb3.res
         Debug\lb3.exe.embed.manifest.res
         Debug\exam.obj
         Debug\finexam.obj
         Debug\ispytanie.obj
         Debug\lb3.obj
         Debug\question.obj
         Debug\stdafx.obj
         Debug\test.obj
       Manifest:
         C:\Program Files (x86)\Microsoft SDKs\Windows\v7.0A\bin\mt.exe /nologo /verbose /out:"Debug\lb3.exe.embed.manifest" /manifest Debug\lb3.exe.intermediate.manifest
         Для всех выходных данных обновления не требуется.
       LinkEmbedManifest:
         Для всех выходных данных обновления не требуется.
         lb3.vcxproj -> D:\lb3\Debug\lb3.exe
       FinalizeBuildStatus:
         Файл "Debug\lb3.unsuccessfulbuild" удаляется.
         Обращение к "Debug\lb3.lastbuildstate".
     1>Построение проекта "D:\lb3\lb3\lb3.vcxproj" завершено (целевые объекты build).

Построение успешно завершено.

Затраченное время: 00:00:01.06
